= Host-specific information ====================================================
$> hostname; uname -msr
e2r5p6.unit.ua
Darwin 17.0.0 x86_64
$> date
Fri Jan 26 14:39:28 EET 2018
$> gcc --version
Configured with: --prefix=/Applications/Xcode.app/Contents/Developer/usr --with-gxx-include-dir=/usr/include/c++/4.2.1
Apple LLVM version 9.0.0 (clang-900.0.34.1)
Target: x86_64-apple-darwin17.0.0
Thread model: posix
InstalledDir: /Applications/Xcode.app/Contents/Developer/Toolchains/XcodeDefault.xctoolchain/usr/bin
$> clang --version
Apple LLVM version 9.0.0 (clang-900.0.34.1)
Target: x86_64-apple-darwin17.0.0
Thread model: posix
InstalledDir: /Applications/Xcode.app/Contents/Developer/Toolchains/XcodeDefault.xctoolchain/usr/bin

= User files collection ========================================================
Collecting user files from Vogsphere
Repository URL: auto-exam/2018/c-exam-alone-in-the-dark-beginner/exam_20180126/gvynogra

= Git history ==================================================================
$> git -C /var/folders/hd/7xf83kt92_g5wn526cm3q6m40000gp/T/tmpqGWnLp/user log --pretty='%H - %an, %ad : %s'
7f4ea1acad882c03ce5ee410e22f4d92b98d941a - Exam 42, Fri Jan 26 14:38:48 2018 +0200 : ft_itoa_base
 
= Collected files ==========================================
$> ls -lAR /var/folders/hd/7xf83kt92_g5wn526cm3q6m40000gp/T/tmpqGWnLp/user
total 8
-rw-r--r--  1 deepthought  deepthought  316 Jan 26 14:39 __GIT_HISTORY
drwxr-xr-x  4 deepthought  deepthought  136 Jan 26 14:39 ft_itoa_base

/var/folders/hd/7xf83kt92_g5wn526cm3q6m40000gp/T/tmpqGWnLp/user/ft_itoa_base:
total 32
-rw-r--r--  1 deepthought  deepthought  12288 Jan 26 14:39 .ft_itoa_base.c.swp
-rw-r--r--  1 deepthought  deepthought   1594 Jan 26 14:39 ft_itoa_base.c
 
= ft_itoa_base =================================================================
$> gcc -Wextra -Wall -Werror ft_itoa_base.c main.c -o user_exe 

= Test 1 ===================================================
$> ./6i1km6grqq8v40100snd4hk0 
$> diff -U 3 user_output_test1 test1.output | cat -e

Diff OK :D
= Test 2 ===================================================
$> ./uap1gigt51yyjbtwbrjb6zos "21" "2313" "12"
$> diff -U 3 user_output_test2 test2.output | cat -e

Diff OK :D
= Test 3 ===================================================
$> ./kv47qohv01dypi9qjezrnzgx "2147483647" "10"
$> diff -U 3 user_output_test3 test3.output | cat -e

Diff OK :D
= Test 4 ===================================================
$> ./h4ghneo2pw6s4pvekd7dy0gv "-2147483648" "10"
$> diff -U 3 user_output_test4 test4.output | cat -e

Diff OK :D
= Test 5 ===================================================
$> ./6abadxvooyoru7lejzgdgntc "0" "2"
$> diff -U 3 user_output_test5 test5.output | cat -e

Diff OK :D
= Test 6 ===================================================
$> ./gl4glh7civnlfonk7u8r0lb8 "--223" "10"
$> diff -U 3 user_output_test6 test6.output | cat -e

Diff OK :D
= Test 7 ===================================================
$> ./31t35lul9fnzmpmzbleq68d1 "1309159589" "2"
$> diff -U 3 user_output_test7 test7.output | cat -e

Diff OK :D
= Test 8 ===================================================
$> ./a09tka9trg8ngcwkujlhzhru "130913094" "7"
$> diff -U 3 user_output_test8 test8.output | cat -e

Diff OK :D
= Test 9 ===================================================
$> ./pr5cbsh1q8fh3regwu49o8p7 "397057283" "4"
$> diff -U 3 user_output_test9 test9.output | cat -e

Diff OK :D
= Test 10 ==================================================
$> ./os06k7eymstp1a024445vqj5 "1235002846" "12"
$> diff -U 3 user_output_test10 test10.output | cat -e

Diff OK :D
= Test 11 ==================================================
$> ./axr3yh63udyb4mq86qhxgre3 "1681205671" "11"
$> diff -U 3 user_output_test11 test11.output | cat -e

Diff OK :D
= Test 12 ==================================================
$> ./hdv19cwm1bl6jsy4vecgaq40 "103950690" "12"
$> diff -U 3 user_output_test12 test12.output | cat -e

Diff OK :D
= Test 13 ==================================================
$> ./0r0spwoec4yxzcqz3avhq808 "1704386117" "16"
$> diff -U 3 user_output_test13 test13.output | cat -e

Diff OK :D
= Test 14 ==================================================
$> ./u021qqta3yceuktn3phmhewp "-92673863" "3"
$> diff -U 3 user_output_test14 test14.output | cat -e

Diff OK :D
= Test 15 ==================================================
$> ./1wji1iqn4hvdup5v2fwrasfz "484375057" "6"
$> diff -U 3 user_output_test15 test15.output | cat -e

Diff OK :D
= Test 16 ==================================================
$> ./2j10rnbh97c62j4gn9wig7pd "355589294" "3"
$> diff -U 3 user_output_test16 test16.output | cat -e

Diff OK :D
= Test 17 ==================================================
$> ./jm82e3t9kx5c7ste3ie7c51r "1050728733" "11"
$> diff -U 3 user_output_test17 test17.output | cat -e

Diff OK :D
= Test 18 ==================================================
$> ./sdrjkd4jecdg0l3tckdfbqju "168046373" "11"
$> diff -U 3 user_output_test18 test18.output | cat -e

Diff OK :D
= Test 19 ==================================================
$> ./lihkb2rq88silkjqyppfyjxc "1580901511" "4"
$> diff -U 3 user_output_test19 test19.output | cat -e

Diff OK :D
= Test 20 ==================================================
$> ./1am5g6yeun7oydapscouu5v9 "1422024679" "8"
$> diff -U 3 user_output_test20 test20.output | cat -e

Diff OK :D
Grade: 1

= Final grade: 1 ===============================================================
