= Host-specific information ====================================================
$> hostname; uname -msr
e1r11p2.unit.ua
Darwin 15.5.0 x86_64
$> date
Tue Dec 26 11:34:58 EET 2017
$> gcc --version
Configured with: --prefix=/Applications/Xcode.app/Contents/Developer/usr --with-gxx-include-dir=/usr/include/c++/4.2.1
Apple LLVM version 8.0.0 (clang-800.0.42.1)
Target: x86_64-apple-darwin15.5.0
Thread model: posix
InstalledDir: /Applications/Xcode.app/Contents/Developer/Toolchains/XcodeDefault.xctoolchain/usr/bin
$> clang --version
Apple LLVM version 8.0.0 (clang-800.0.42.1)
Target: x86_64-apple-darwin15.5.0
Thread model: posix
InstalledDir: /Applications/Xcode.app/Contents/Developer/Toolchains/XcodeDefault.xctoolchain/usr/bin

= User files collection ========================================================
Collecting user files from Vogsphere
Repository URL: auto-exam/2017/c-exam-alone-in-the-dark-beginner/exam_20171226/gvynogra

= Git history ==================================================================
$> git -C /var/folders/sw/g6rlgs4j0wlf3zh9zjwflmq40000gq/T/tmpEDmYiD/user log --pretty='%H - %an, %ad : %s'
e0cbf3f0d1f87b34abaa342ae64383b8e2988e1e - Exam 42, Tue Dec 26 11:34:30 2017 +0200 : print_hex
90f968c5c7ef57fda318d6de6ae68ce203a97c21 - Exam 42, Tue Dec 26 10:36:52 2017 +0200 : wdmatch
 
= Collected files ==========================================
$> ls -lAR /var/folders/sw/g6rlgs4j0wlf3zh9zjwflmq40000gq/T/tmpEDmYiD/user
total 8
-rw-r--r--  1 deepthought  deepthought  509 Dec 26 11:34 __GIT_HISTORY
drwxr-xr-x  3 deepthought  deepthought  102 Dec 26 11:34 print_hex
drwxr-xr-x  3 deepthought  deepthought  102 Dec 26 11:34 wdmatch

/var/folders/sw/g6rlgs4j0wlf3zh9zjwflmq40000gq/T/tmpEDmYiD/user/print_hex:
total 8
-rw-r--r--  1 deepthought  deepthought  1623 Dec 26 11:34 print_hex.c

/var/folders/sw/g6rlgs4j0wlf3zh9zjwflmq40000gq/T/tmpEDmYiD/user/wdmatch:
total 8
-rw-r--r--  1 deepthought  deepthought  1463 Dec 26 11:34 wdmatch.c
 
= print_hex ====================================================================
$> gcc -Wextra -Wall -Werror print_hex.c -o user_exe 

= Test 1 ===================================================
$> ./a5yz8ud2s5bu6dy1ai3n9754 
$> diff -U 3 user_output_test1 test1.output | cat -e

Diff OK :D
= Test 2 ===================================================
$> ./ei5g16lrx8y96gknmqd4zc2j "21" "2313"
$> diff -U 3 user_output_test2 test2.output | cat -e

Diff OK :D
= Test 3 ===================================================
$> ./p6fa3ujjyw6s881tkg64d2lr 2147483647
$> diff -U 3 user_output_test3 test3.output | cat -e

Diff OK :D
= Test 4 ===================================================
$> ./7g3xbs91r877j2v051yt3dhq 0
$> diff -U 3 user_output_test4 test4.output | cat -e

Diff OK :D
= Test 5 ===================================================
$> ./56eoaw6nirh1w6fiseehuyra 464506367
$> diff -U 3 user_output_test5 test5.output | cat -e

Diff OK :D
= Test 6 ===================================================
$> ./j8lrm2ffwki8o6q0ig7het35 832602802
$> diff -U 3 user_output_test6 test6.output | cat -e

Diff OK :D
= Test 7 ===================================================
$> ./3ygq7p4wibrzllsfym4sfj64 1152737333
$> diff -U 3 user_output_test7 test7.output | cat -e

Diff OK :D
= Test 8 ===================================================
$> ./2hpkpyi4e93jfda43ewuhzwy 1680741351
$> diff -U 3 user_output_test8 test8.output | cat -e

Diff OK :D
= Test 9 ===================================================
$> ./7lakdoxt2jisd8ydwpulang3 602373372
$> diff -U 3 user_output_test9 test9.output | cat -e

Diff OK :D
= Test 10 ==================================================
$> ./sb4wq7rkk2t2dp2a36vdpu5m 1046470888
$> diff -U 3 user_output_test10 test10.output | cat -e

Diff OK :D
= Test 11 ==================================================
$> ./uc4v2za6851s95f4vdkq3c1m 1293457381
$> diff -U 3 user_output_test11 test11.output | cat -e

Diff OK :D
= Test 12 ==================================================
$> ./hs3e2g7zazupnk83zlgl2kls 279992101
$> diff -U 3 user_output_test12 test12.output | cat -e

Diff OK :D
= Test 13 ==================================================
$> ./l3yjpuc9nlnh2fswjo8tp5wc 222600355
$> diff -U 3 user_output_test13 test13.output | cat -e

Diff OK :D
= Test 14 ==================================================
$> ./dkyxusurqdtrbw2ro1oimzyo 1748917210
$> diff -U 3 user_output_test14 test14.output | cat -e

Diff OK :D
= Test 15 ==================================================
$> ./1ue71k8645dr0nwz8ttz7yjh 1571834981
$> diff -U 3 user_output_test15 test15.output | cat -e

Diff OK :D
= Test 16 ==================================================
$> ./sloi7ylhinzivhc008cxz9wv 1901870998
$> diff -U 3 user_output_test16 test16.output | cat -e

Diff OK :D
= Test 17 ==================================================
$> ./npgnty75qp2wv5bm4nwy8y93 186526097
$> diff -U 3 user_output_test17 test17.output | cat -e

Diff OK :D
= Test 18 ==================================================
$> ./dfy0cqulyz1cjq6pe2clrz07 794029699
$> diff -U 3 user_output_test18 test18.output | cat -e

Diff OK :D
= Test 19 ==================================================
$> ./d8oyfkp98k4ypa3ob9bnqr3f 1666108879
$> diff -U 3 user_output_test19 test19.output | cat -e

Diff OK :D
= Test 20 ==================================================
$> ./n75bqmbm8inpalxz5cijzctt 1887060707
$> diff -U 3 user_output_test20 test20.output | cat -e

Diff OK :D
Grade: 1

= Final grade: 1 ===============================================================
